	=---------------------------------------=
	|  COMPILERS - ALGONQUIN COLLEGE (S24)  |
	=---------------------------------------=
	    @@@@@@@@@@@@@@@@@@@@@@@@@@@@@@@@@    
	    @@                             @@    
	    @@       @@@@@@@@@@@@@@@@@@@@  @@    
	    @@       @  @@@@@@@@@@@@@@  @  @@    
	    @@       @  @            @  @  @@    
	    @@       @  @@@@@@@@@@@@@@  @  @@    
	    @@       @  @ @@@@@@@@@@@@@@   @@    
	    @@       @  @   @              @@    
	    @@       @  @@   @             @@    
	    @@       @  @  @  @            @@    
	    @@       @  @    @   @         @@    
	    @@       @  @      @   @       @@    
	    @@       @  @        @   @     @@    
	    @@       @@@@          @@@@@   @@    
	    @@       P O W E R_ R          @@    
	    @@                             @@    
	    @@@@@@@@@@@@@@@@@@@@@@@@@@@@@@@@@    
	                                         
	[READER SCRIPT .........................]
	                                         
Debug: Starting main function
Option received: s

[Option 's': Starting SCANNER .....]

[Debug mode: 0]
Reading file C:\Users\BU1\Desktop\Compiler\A22_Huijun881_Kexin567\emptyFile.pr ....Please wait

Scanning source file...

Token		Attribute
----------------------------------
SEOF_T		0	

Printing string table...
----------------------------------

----------------------------------
Statistics:
----------------------------------
Token[SEOF_T]=1
----------------------------------
